Arguments: 
  C:\Program Files\nodejs\node.exe C:\Users\bilal\AppData\Roaming\npm\node_modules\yarn\bin\yarn.js add hardhat ethers ethereum-waffle chai

PATH: 
  C:\Users\bilal\bin;C:\Program Files\Git\mingw64\bin;C:\Program Files\Git\usr\local\bin;C:\Program Files\Git\usr\bin;C:\Program Files\Git\usr\bin;C:\Program Files\Git\mingw64\bin;C:\Program Files\Git\usr\bin;C:\Users\bilal\bin;C:\Program Files (x86)\Microsoft SDKs\Azure\CLI2\wbin;C:\Python310\Scripts;C:\Python310;C:\Windows\system32;C:\Windows;C:\Windows\System32\Wbem;C:\Windows\System32\WindowsPowerShell\v1.0;C:\Windows\System32\OpenSSH;C:\Program Files (x86)\NVIDIA Corporation\PhysX\Common;C:\Program Files\NVIDIA Corporation\NVIDIA NvDLISR;C:\ProgramData\chocolatey\bin;C:\Program Files\Git\cmd;C:\Program Files\nodejs;C:\xampp\php;C:\composer;C:\Program Files\Go\bin;C:\Program Files\Docker\Docker\resources\bin;C:\ProgramData\DockerDesktop\version-bin;C:\Users\bilal\AppData\Local\Microsoft\WindowsApps;C:\Users\bilal\AppData\Local\Programs\Microsoft VS Code\bin;C:\Users\bilal\AppData\Roaming\npm;C:\Program Files\JetBrains\WebStorm 2021.2.3\bin;C:\Program Files\JetBrains\PyCharm 2021.2.3\bin;C:\Program Files\heroku\bin;C:\Users\bilal\AppData\Roaming\Composer\vendor\bin;C:\Users\bilal\go\bin;C:\Program Files\JetBrains\GoLand 2021.3.2\bin;C:\Program Files\Git\usr\bin\vendor_perl;C:\Program Files\Git\usr\bin\core_perl

Yarn version: 
  1.22.17

Node version: 
  16.13.0

Platform: 
  win32 x64

Trace: 
  Error: ENOENT: no such file or directory, lstat 'C:\Users\bilal\development\twitter-clone-blockchain\smart_contract\node_modules\@ensdomains\ens'

npm manifest: 
  {
    "name": "hardhat-project",
    "dependencies": {
      "@nomiclabs/hardhat-ethers": "^2.0.5",
      "@nomiclabs/hardhat-waffle": "^2.0.3"
    }
  }

yarn manifest: 
  No manifest

Lockfile: 
  # THIS IS AN AUTOGENERATED FILE. DO NOT EDIT THIS FILE DIRECTLY.
  # yarn lockfile v1
  
  
  "@nomiclabs/hardhat-ethers@^2.0.5":
    version "2.0.5"
    resolved "https://registry.yarnpkg.com/@nomiclabs/hardhat-ethers/-/hardhat-ethers-2.0.5.tgz#131b0da1b71680d5a01569f916ae878229d326d3"
    integrity sha512-A2gZAGB6kUvLx+kzM92HKuUF33F1FSe90L0TmkXkT2Hh0OKRpvWZURUSU2nghD2yC4DzfEZ3DftfeHGvZ2JTUw==
  
  "@nomiclabs/hardhat-waffle@^2.0.3":
    version "2.0.3"
    resolved "https://registry.yarnpkg.com/@nomiclabs/hardhat-waffle/-/hardhat-waffle-2.0.3.tgz#9c538a09c5ed89f68f5fd2dc3f78f16ed1d6e0b1"
    integrity sha512-049PHSnI1CZq6+XTbrMbMv5NaL7cednTfPenx02k3cEh8wBMLa6ys++dBETJa6JjfwgA9nBhhHQ173LJv6k2Pg==
    dependencies:
      "@types/sinon-chai" "^3.2.3"
      "@types/web3" "1.0.19"
  
  "@types/bn.js@*":
    version "5.1.0"
    resolved "https://registry.yarnpkg.com/@types/bn.js/-/bn.js-5.1.0.tgz#32c5d271503a12653c62cf4d2b45e6eab8cebc68"
    integrity sha512-QSSVYj7pYFN49kW77o2s9xTCwZ8F2xLbjLLSEVh8D2F4JUhZtPAGOFLTD+ffqksBx/u4cE/KImFjyhqCjn/LIA==
    dependencies:
      "@types/node" "*"
  
  "@types/chai@*":
    version "4.3.0"
    resolved "https://registry.yarnpkg.com/@types/chai/-/chai-4.3.0.tgz#23509ebc1fa32f1b4d50d6a66c4032d5b8eaabdc"
    integrity sha512-/ceqdqeRraGolFTcfoXNiqjyQhZzbINDngeoAq9GoHa8PPK1yNzTaxWjA6BFWp5Ua9JpXEMSS4s5i9tS0hOJtw==
  
  "@types/node@*":
    version "17.0.21"
    resolved "https://registry.yarnpkg.com/@types/node/-/node-17.0.21.tgz#864b987c0c68d07b4345845c3e63b75edd143644"
    integrity sha512-DBZCJbhII3r90XbQxI8Y9IjjiiOGlZ0Hr32omXIZvwwZ7p4DMMXGrKXVyPfuoBOri9XNtL0UK69jYIBIsRX3QQ==
  
  "@types/sinon-chai@^3.2.3":
    version "3.2.8"
    resolved "https://registry.yarnpkg.com/@types/sinon-chai/-/sinon-chai-3.2.8.tgz#5871d09ab50d671d8e6dd72e9073f8e738ac61dc"
    integrity sha512-d4ImIQbT/rKMG8+AXpmcan5T2/PNeSjrYhvkwet6z0p8kzYtfgA32xzOBlbU0yqJfq+/0Ml805iFoODO0LP5/g==
    dependencies:
      "@types/chai" "*"
      "@types/sinon" "*"
  
  "@types/sinon@*":
    version "10.0.11"
    resolved "https://registry.yarnpkg.com/@types/sinon/-/sinon-10.0.11.tgz#8245827b05d3fc57a6601bd35aee1f7ad330fc42"
    integrity sha512-dmZsHlBsKUtBpHriNjlK0ndlvEh8dcb9uV9Afsbt89QIyydpC7NcR+nWlAhASfy3GHnxTl4FX/aKE7XZUt/B4g==
    dependencies:
      "@types/sinonjs__fake-timers" "*"
  
  "@types/sinonjs__fake-timers@*":
    version "8.1.1"
    resolved "https://registry.yarnpkg.com/@types/sinonjs__fake-timers/-/sinonjs__fake-timers-8.1.1.tgz#b49c2c70150141a15e0fa7e79cf1f92a72934ce3"
    integrity sha512-0kSuKjAS0TrGLJ0M/+8MaFkGsQhZpB6pxOmvS3K8FYI72K//YmdfoW9X2qPsAKh1mkwxGD5zib9s1FIFed6E8g==
  
  "@types/underscore@*":
    version "1.11.4"
    resolved "https://registry.yarnpkg.com/@types/underscore/-/underscore-1.11.4.tgz#62e393f8bc4bd8a06154d110c7d042a93751def3"
    integrity sha512-uO4CD2ELOjw8tasUrAhvnn2W4A0ZECOvMjCivJr4gA9pGgjv+qxKWY9GLTMVEK8ej85BxQOocUyE7hImmSQYcg==
  
  "@types/web3@1.0.19":
    version "1.0.19"
    resolved "https://registry.yarnpkg.com/@types/web3/-/web3-1.0.19.tgz#46b85d91d398ded9ab7c85a5dd57cb33ac558924"
    integrity sha512-fhZ9DyvDYDwHZUp5/STa9XW2re0E8GxoioYJ4pEUZ13YHpApSagixj7IAdoYH5uAK+UalGq6Ml8LYzmgRA/q+A==
    dependencies:
      "@types/bn.js" "*"
      "@types/underscore" "*"
